app/build/intermediates/manifest_merge_blame_file/debug/processDebugMainManifest/manifest-merger-blame-debug-report.txt
1<?xml version="1.0" encoding="utf-8"?>
2<manifest xmlns:android="http://schemas.android.com/apk/res/android"
3    package="com.streettycoon"
4    android:versionCode="1"
5    android:versionName="1.0.0" >
6
7    <uses-sdk
8        android:minSdkVersion="24"
9        android:targetSdkVersion="34" />
10
11    <uses-permission android:name="android.permission.INTERNET" />
11-->src\main\AndroidManifest.xml:5:5-67
11-->src\main\AndroidManifest.xml:5:22-64
12    <uses-permission android:name="android.permission.ACCESS_NETWORK_STATE" />
12-->src\main\AndroidManifest.xml:6:5-79
12-->src\main\AndroidManifest.xml:6:22-76
13    <uses-permission android:name="com.google.android.gms.permission.AD_ID" />
13-->[com.google.android.gms:play-services-ads-lite:22.6.0] AndroidManifest.xml:26:5-79
13-->[com.google.android.gms:play-services-ads-lite:22.6.0] AndroidManifest.xml:26:22-76
14    <uses-permission android:name="android.permission.ACCESS_ADSERVICES_AD_ID" />
14-->[com.google.android.gms:play-services-ads-lite:22.6.0] AndroidManifest.xml:27:5-82
14-->[com.google.android.gms:play-services-ads-lite:22.6.0] AndroidManifest.xml:27:22-79
15    <uses-permission android:name="android.permission.ACCESS_ADSERVICES_ATTRIBUTION" />
15-->[com.google.android.gms:play-services-ads-lite:22.6.0] AndroidManifest.xml:28:5-88
15-->[com.google.android.gms:play-services-ads-lite:22.6.0] AndroidManifest.xml:28:22-85
16    <uses-permission android:name="android.permission.ACCESS_ADSERVICES_TOPICS" /> <!-- Android package visibility setting -->
16-->[com.google.android.gms:play-services-ads-lite:22.6.0] AndroidManifest.xml:29:5-83
16-->[com.google.android.gms:play-services-ads-lite:22.6.0] AndroidManifest.xml:29:22-80
17    <queries>
17-->[com.google.android.gms:play-services-ads-lite:22.6.0] AndroidManifest.xml:35:5-51:15
18
19        <!-- For browser content -->
20        <intent>
20-->[com.google.android.gms:play-services-ads-lite:22.6.0] AndroidManifest.xml:38:9-44:18
21            <action android:name="android.intent.action.VIEW" />
21-->[com.google.android.gms:play-services-ads-lite:22.6.0] AndroidManifest.xml:39:13-65
21-->[com.google.android.gms:play-services-ads-lite:22.6.0] AndroidManifest.xml:39:21-62
22
23            <category android:name="android.intent.category.BROWSABLE" />
23-->[com.google.android.gms:play-services-ads-lite:22.6.0] AndroidManifest.xml:41:13-74
23-->[com.google.android.gms:play-services-ads-lite:22.6.0] AndroidManifest.xml:41:23-71
24
25            <data android:scheme="https" />
25-->[com.google.android.gms:play-services-ads-lite:22.6.0] AndroidManifest.xml:43:13-44
25-->[com.google.android.gms:play-services-ads-lite:22.6.0] AndroidManifest.xml:43:19-41
26        </intent>
27        <!-- End of browser content -->
28        <!-- For CustomTabsService -->
29        <intent>
29-->[com.google.android.gms:play-services-ads-lite:22.6.0] AndroidManifest.xml:47:9-49:18
30            <action android:name="android.support.customtabs.action.CustomTabsService" />
30-->[com.google.android.gms:play-services-ads-lite:22.6.0] AndroidManifest.xml:48:13-90
30-->[com.google.android.gms:play-services-ads-lite:22.6.0] AndroidManifest.xml:48:21-87
31        </intent>
32        <!-- End of CustomTabsService -->
33        <intent>
33-->[com.android.billingclient:billing:6.1.0] AndroidManifest.xml:13:9-15:18
34            <action android:name="com.android.vending.billing.InAppBillingService.BIND" />
34-->[com.android.billingclient:billing:6.1.0] AndroidManifest.xml:14:13-91
34-->[com.android.billingclient:billing:6.1.0] AndroidManifest.xml:14:21-88
35        </intent>
36    </queries>
37
38    <uses-permission android:name="com.android.vending.BILLING" />
38-->[com.android.billingclient:billing-ktx:6.1.0] AndroidManifest.xml:9:5-67
38-->[com.android.billingclient:billing-ktx:6.1.0] AndroidManifest.xml:9:22-64
39    <uses-permission android:name="android.permission.WAKE_LOCK" />
39-->[com.google.android.gms:play-services-measurement-sdk-api:20.1.2] AndroidManifest.xml:25:5-68
39-->[com.google.android.gms:play-services-measurement-sdk-api:20.1.2] AndroidManifest.xml:25:22-65
40    <uses-permission android:name="android.permission.FOREGROUND_SERVICE" />
40-->[androidx.work:work-runtime:2.7.0] AndroidManifest.xml:28:5-77
40-->[androidx.work:work-runtime:2.7.0] AndroidManifest.xml:28:22-74
41
42    <permission
42-->[androidx.core:core:1.12.0] AndroidManifest.xml:22:5-24:47
43        android:name="com.streettycoon.DYNAMIC_RECEIVER_NOT_EXPORTED_PERMISSION"
43-->[androidx.core:core:1.12.0] AndroidManifest.xml:23:9-81
44        android:protectionLevel="signature" />
44-->[androidx.core:core:1.12.0] AndroidManifest.xml:24:9-44
45
46    <uses-permission android:name="com.streettycoon.DYNAMIC_RECEIVER_NOT_EXPORTED_PERMISSION" />
46-->[androidx.core:core:1.12.0] AndroidManifest.xml:26:5-97
46-->[androidx.core:core:1.12.0] AndroidManifest.xml:26:22-94
47
48    <application
48-->src\main\AndroidManifest.xml:8:5-45:19
49        android:allowBackup="true"
49-->src\main\AndroidManifest.xml:9:9-35
50        android:appComponentFactory="androidx.core.app.CoreComponentFactory"
50-->[androidx.core:core:1.12.0] AndroidManifest.xml:28:18-86
51        android:dataExtractionRules="@xml/data_extraction_rules"
51-->src\main\AndroidManifest.xml:10:9-65
52        android:debuggable="true"
53        android:extractNativeLibs="false"
54        android:fullBackupContent="@xml/backup_rules"
54-->src\main\AndroidManifest.xml:11:9-54
55        android:icon="@mipmap/ic_launcher"
55-->src\main\AndroidManifest.xml:12:9-43
56        android:label="@string/app_name"
56-->src\main\AndroidManifest.xml:13:9-41
57        android:supportsRtl="true"
57-->src\main\AndroidManifest.xml:14:9-35
58        android:theme="@style/Theme.StreetTycoon" >
58-->src\main\AndroidManifest.xml:15:9-50
59        <activity
59-->src\main\AndroidManifest.xml:18:9-28:20
60            android:name="com.streettycoon.MainActivity"
60-->src\main\AndroidManifest.xml:19:13-41
61            android:configChanges="orientation|screenSize|keyboardHidden"
61-->src\main\AndroidManifest.xml:22:13-74
62            android:exported="true"
62-->src\main\AndroidManifest.xml:20:13-36
63            android:screenOrientation="portrait"
63-->src\main\AndroidManifest.xml:23:13-49
64            android:theme="@style/Theme.App.Starting" >
64-->src\main\AndroidManifest.xml:21:13-54
65            <intent-filter>
65-->src\main\AndroidManifest.xml:24:13-27:29
66                <action android:name="android.intent.action.MAIN" />
66-->src\main\AndroidManifest.xml:25:17-69
66-->src\main\AndroidManifest.xml:25:25-66
67
68                <category android:name="android.intent.category.LAUNCHER" />
68-->src\main\AndroidManifest.xml:26:17-77
68-->src\main\AndroidManifest.xml:26:27-74
69            </intent-filter>
70        </activity>
71
72        <!-- AdMob App ID -->
73        <meta-data
73-->src\main\AndroidManifest.xml:31:9-33:69
74            android:name="com.google.android.gms.ads.APPLICATION_ID"
74-->src\main\AndroidManifest.xml:32:13-69
75            android:value="ca-app-pub-3940256099942544~3347511713" />
75-->src\main\AndroidManifest.xml:33:13-67
76
77        <!-- FileProvider for sharing images -->
78        <provider
79            android:name="androidx.core.content.FileProvider"
79-->src\main\AndroidManifest.xml:37:13-62
80            android:authorities="com.streettycoon.fileprovider"
80-->src\main\AndroidManifest.xml:38:13-64
81            android:exported="false"
81-->src\main\AndroidManifest.xml:39:13-37
82            android:grantUriPermissions="true" >
82-->src\main\AndroidManifest.xml:40:13-47
83            <meta-data
83-->src\main\AndroidManifest.xml:41:13-43:54
84                android:name="android.support.FILE_PROVIDER_PATHS"
84-->src\main\AndroidManifest.xml:42:17-67
85                android:resource="@xml/file_paths" />
85-->src\main\AndroidManifest.xml:43:17-51
86        </provider>
87        <!-- Include the AdActivity and InAppPurchaseActivity configChanges and themes. -->
88        <activity
88-->[com.google.android.gms:play-services-ads-lite:22.6.0] AndroidManifest.xml:56:9-61:43
89            android:name="com.google.android.gms.ads.AdActivity"
89-->[com.google.android.gms:play-services-ads-lite:22.6.0] AndroidManifest.xml:57:13-65
90            android:configChanges="keyboard|keyboardHidden|orientation|screenLayout|uiMode|screenSize|smallestScreenSize"
90-->[com.google.android.gms:play-services-ads-lite:22.6.0] AndroidManifest.xml:58:13-122
91            android:exported="false"
91-->[com.google.android.gms:play-services-ads-lite:22.6.0] AndroidManifest.xml:59:13-37
92            android:theme="@android:style/Theme.Translucent" />
92-->[com.google.android.gms:play-services-ads-lite:22.6.0] AndroidManifest.xml:60:13-61
93
94        <provider
94-->[com.google.android.gms:play-services-ads-lite:22.6.0] AndroidManifest.xml:63:9-68:43
95            android:name="com.google.android.gms.ads.MobileAdsInitProvider"
95-->[com.google.android.gms:play-services-ads-lite:22.6.0] AndroidManifest.xml:64:13-76
96            android:authorities="com.streettycoon.mobileadsinitprovider"
96-->[com.google.android.gms:play-services-ads-lite:22.6.0] AndroidManifest.xml:65:13-73
97            android:exported="false"
97-->[com.google.android.gms:play-services-ads-lite:22.6.0] AndroidManifest.xml:66:13-37
98            android:initOrder="100" />
98-->[com.google.android.gms:play-services-ads-lite:22.6.0] AndroidManifest.xml:67:13-36
99
100        <service
100-->[com.google.android.gms:play-services-ads-lite:22.6.0] AndroidManifest.xml:70:9-74:43
101            android:name="com.google.android.gms.ads.AdService"
101-->[com.google.android.gms:play-services-ads-lite:22.6.0] AndroidManifest.xml:71:13-64
102            android:enabled="true"
102-->[com.google.android.gms:play-services-ads-lite:22.6.0] AndroidManifest.xml:72:13-35
103            android:exported="false" />
103-->[com.google.android.gms:play-services-ads-lite:22.6.0] AndroidManifest.xml:73:13-37
104
105        <activity
105-->[com.google.android.gms:play-services-ads-lite:22.6.0] AndroidManifest.xml:76:9-80:43
106            android:name="com.google.android.gms.ads.OutOfContextTestingActivity"
106-->[com.google.android.gms:play-services-ads-lite:22.6.0] AndroidManifest.xml:77:13-82
107            android:configChanges="keyboard|keyboardHidden|orientation|screenLayout|uiMode|screenSize|smallestScreenSize"
107-->[com.google.android.gms:play-services-ads-lite:22.6.0] AndroidManifest.xml:78:13-122
108            android:exported="false" />
108-->[com.google.android.gms:play-services-ads-lite:22.6.0] AndroidManifest.xml:79:13-37
109        <activity
109-->[com.google.android.gms:play-services-ads-lite:22.6.0] AndroidManifest.xml:81:9-88:43
110            android:name="com.google.android.gms.ads.NotificationHandlerActivity"
110-->[com.google.android.gms:play-services-ads-lite:22.6.0] AndroidManifest.xml:82:13-82
111            android:excludeFromRecents="true"
111-->[com.google.android.gms:play-services-ads-lite:22.6.0] AndroidManifest.xml:83:13-46
112            android:exported="false"
112-->[com.google.android.gms:play-services-ads-lite:22.6.0] AndroidManifest.xml:84:13-37
113            android:launchMode="singleTask"
113-->[com.google.android.gms:play-services-ads-lite:22.6.0] AndroidManifest.xml:85:13-44
114            android:taskAffinity=""
114-->[com.google.android.gms:play-services-ads-lite:22.6.0] AndroidManifest.xml:86:13-36
115            android:theme="@android:style/Theme.Translucent.NoTitleBar" />
115-->[com.google.android.gms:play-services-ads-lite:22.6.0] AndroidManifest.xml:87:13-72
116
117        <property
117-->[com.google.android.gms:play-services-ads-lite:22.6.0] AndroidManifest.xml:90:9-92:62
118            android:name="android.adservices.AD_SERVICES_CONFIG"
118-->[com.google.android.gms:play-services-ads-lite:22.6.0] AndroidManifest.xml:91:13-65
119            android:resource="@xml/gma_ad_services_config" />
119-->[com.google.android.gms:play-services-ads-lite:22.6.0] AndroidManifest.xml:92:13-59
120
121        <meta-data
121-->[com.android.billingclient:billing:6.1.0] AndroidManifest.xml:19:9-21:37
122            android:name="com.google.android.play.billingclient.version"
122-->[com.android.billingclient:billing:6.1.0] AndroidManifest.xml:20:13-73
123            android:value="6.1.0" />
123-->[com.android.billingclient:billing:6.1.0] AndroidManifest.xml:21:13-34
124
125        <activity
125-->[com.android.billingclient:billing:6.1.0] AndroidManifest.xml:23:9-27:75
126            android:name="com.android.billingclient.api.ProxyBillingActivity"
126-->[com.android.billingclient:billing:6.1.0] AndroidManifest.xml:24:13-78
127            android:configChanges="keyboard|keyboardHidden|screenLayout|screenSize|orientation"
127-->[com.android.billingclient:billing:6.1.0] AndroidManifest.xml:25:13-96
128            android:exported="false"
128-->[com.android.billingclient:billing:6.1.0] AndroidManifest.xml:26:13-37
129            android:theme="@android:style/Theme.Translucent.NoTitleBar" />
129-->[com.android.billingclient:billing:6.1.0] AndroidManifest.xml:27:13-72
130        <activity
130-->[com.google.android.gms:play-services-base:18.0.1] AndroidManifest.xml:20:9-22:45
131            android:name="com.google.android.gms.common.api.GoogleApiActivity"
131-->[com.google.android.gms:play-services-base:18.0.1] AndroidManifest.xml:20:19-85
132            android:exported="false"
132-->[com.google.android.gms:play-services-base:18.0.1] AndroidManifest.xml:22:19-43
133            android:theme="@android:style/Theme.Translucent.NoTitleBar" />
133-->[com.google.android.gms:play-services-base:18.0.1] AndroidManifest.xml:21:19-78
134
135        <meta-data
135-->[com.google.android.gms:play-services-basement:18.2.0] AndroidManifest.xml:21:9-23:69
136            android:name="com.google.android.gms.version"
136-->[com.google.android.gms:play-services-basement:18.2.0] AndroidManifest.xml:22:13-58
137            android:value="@integer/google_play_services_version" />
137-->[com.google.android.gms:play-services-basement:18.2.0] AndroidManifest.xml:23:13-66
138
139        <activity
139-->[androidx.compose.ui:ui-tooling-android:1.5.4] AndroidManifest.xml:23:9-25:39
140            android:name="androidx.compose.ui.tooling.PreviewActivity"
140-->[androidx.compose.ui:ui-tooling-android:1.5.4] AndroidManifest.xml:24:13-71
141            android:exported="true" />
141-->[androidx.compose.ui:ui-tooling-android:1.5.4] AndroidManifest.xml:25:13-36
142        <activity
142-->[androidx.compose.ui:ui-test-manifest:1.5.4] AndroidManifest.xml:23:9-25:39
143            android:name="androidx.activity.ComponentActivity"
143-->[androidx.compose.ui:ui-test-manifest:1.5.4] AndroidManifest.xml:24:13-63
144            android:exported="true" />
144-->[androidx.compose.ui:ui-test-manifest:1.5.4] AndroidManifest.xml:25:13-36
145
146        <provider
146-->[androidx.work:work-runtime:2.7.0] AndroidManifest.xml:31:9-39:20
147            android:name="androidx.startup.InitializationProvider"
147-->[androidx.work:work-runtime:2.7.0] AndroidManifest.xml:32:13-67
148            android:authorities="com.streettycoon.androidx-startup"
148-->[androidx.work:work-runtime:2.7.0] AndroidManifest.xml:33:13-68
149            android:exported="false" >
149-->[androidx.work:work-runtime:2.7.0] AndroidManifest.xml:34:13-37
150            <meta-data
150-->[androidx.work:work-runtime:2.7.0] AndroidManifest.xml:36:13-38:52
151                android:name="androidx.work.WorkManagerInitializer"
151-->[androidx.work:work-runtime:2.7.0] AndroidManifest.xml:37:17-68
152                android:value="androidx.startup" />
152-->[androidx.work:work-runtime:2.7.0] AndroidManifest.xml:38:17-49
153            <meta-data
153-->[androidx.emoji2:emoji2:1.4.0] AndroidManifest.xml:29:13-31:52
154                android:name="androidx.emoji2.text.EmojiCompatInitializer"
154-->[androidx.emoji2:emoji2:1.4.0] AndroidManifest.xml:30:17-75
155                android:value="androidx.startup" />
155-->[androidx.emoji2:emoji2:1.4.0] AndroidManifest.xml:31:17-49
156            <meta-data
156-->[androidx.lifecycle:lifecycle-process:2.7.0] AndroidManifest.xml:29:13-31:52
157                android:name="androidx.lifecycle.ProcessLifecycleInitializer"
157-->[androidx.lifecycle:lifecycle-process:2.7.0] AndroidManifest.xml:30:17-78
158                android:value="androidx.startup" />
158-->[androidx.lifecycle:lifecycle-process:2.7.0] AndroidManifest.xml:31:17-49
159            <meta-data
159-->[androidx.profileinstaller:profileinstaller:1.3.0] AndroidManifest.xml:29:13-31:52
160                android:name="androidx.profileinstaller.ProfileInstallerInitializer"
160-->[androidx.profileinstaller:profileinstaller:1.3.0] AndroidManifest.xml:30:17-85
161                android:value="androidx.startup" />
161-->[androidx.profileinstaller:profileinstaller:1.3.0] AndroidManifest.xml:31:17-49
162        </provider>
163
164        <service
164-->[androidx.work:work-runtime:2.7.0] AndroidManifest.xml:41:9-46:35
165            android:name="androidx.work.impl.background.systemalarm.SystemAlarmService"
165-->[androidx.work:work-runtime:2.7.0] AndroidManifest.xml:42:13-88
166            android:directBootAware="false"
166-->[androidx.work:work-runtime:2.7.0] AndroidManifest.xml:43:13-44
167            android:enabled="@bool/enable_system_alarm_service_default"
167-->[androidx.work:work-runtime:2.7.0] AndroidManifest.xml:44:13-72
168            android:exported="false" />
168-->[androidx.work:work-runtime:2.7.0] AndroidManifest.xml:45:13-37
169        <service
169-->[androidx.work:work-runtime:2.7.0] AndroidManifest.xml:47:9-53:35
170            android:name="androidx.work.impl.background.systemjob.SystemJobService"
170-->[androidx.work:work-runtime:2.7.0] AndroidManifest.xml:48:13-84
171            android:directBootAware="false"
171-->[androidx.work:work-runtime:2.7.0] AndroidManifest.xml:49:13-44
172            android:enabled="@bool/enable_system_job_service_default"
172-->[androidx.work:work-runtime:2.7.0] AndroidManifest.xml:50:13-70
173            android:exported="true"
173-->[androidx.work:work-runtime:2.7.0] AndroidManifest.xml:51:13-36
174            android:permission="android.permission.BIND_JOB_SERVICE" />
174-->[androidx.work:work-runtime:2.7.0] AndroidManifest.xml:52:13-69
175        <service
175-->[androidx.work:work-runtime:2.7.0] AndroidManifest.xml:54:9-59:35
176            android:name="androidx.work.impl.foreground.SystemForegroundService"
176-->[androidx.work:work-runtime:2.7.0] AndroidManifest.xml:55:13-81
177            android:directBootAware="false"
177-->[androidx.work:work-runtime:2.7.0] AndroidManifest.xml:56:13-44
178            android:enabled="@bool/enable_system_foreground_service_default"
178-->[androidx.work:work-runtime:2.7.0] AndroidManifest.xml:57:13-77
179            android:exported="false" />
179-->[androidx.work:work-runtime:2.7.0] AndroidManifest.xml:58:13-37
180
181        <receiver
181-->[androidx.work:work-runtime:2.7.0] AndroidManifest.xml:61:9-66:35
182            android:name="androidx.work.impl.utils.ForceStopRunnable$BroadcastReceiver"
182-->[androidx.work:work-runtime:2.7.0] AndroidManifest.xml:62:13-88
183            android:directBootAware="false"
183-->[androidx.work:work-runtime:2.7.0] AndroidManifest.xml:63:13-44
184            android:enabled="true"
184-->[androidx.work:work-runtime:2.7.0] AndroidManifest.xml:64:13-35
185            android:exported="false" />
185-->[androidx.work:work-runtime:2.7.0] AndroidManifest.xml:65:13-37
186        <receiver
186-->[androidx.work:work-runtime:2.7.0] AndroidManifest.xml:67:9-77:20
187            android:name="androidx.work.impl.background.systemalarm.ConstraintProxy$BatteryChargingProxy"
187-->[androidx.work:work-runtime:2.7.0] AndroidManifest.xml:68:13-106
188            android:directBootAware="false"
188-->[androidx.work:work-runtime:2.7.0] AndroidManifest.xml:69:13-44
189            android:enabled="false"
189-->[androidx.work:work-runtime:2.7.0] AndroidManifest.xml:70:13-36
190            android:exported="false" >
190-->[androidx.work:work-runtime:2.7.0] AndroidManifest.xml:71:13-37
191            <intent-filter>
191-->[androidx.work:work-runtime:2.7.0] AndroidManifest.xml:73:13-76:29
192                <action android:name="android.intent.action.ACTION_POWER_CONNECTED" />
192-->[androidx.work:work-runtime:2.7.0] AndroidManifest.xml:74:17-87
192-->[androidx.work:work-runtime:2.7.0] AndroidManifest.xml:74:25-84
193                <action android:name="android.intent.action.ACTION_POWER_DISCONNECTED" />
193-->[androidx.work:work-runtime:2.7.0] AndroidManifest.xml:75:17-90
193-->[androidx.work:work-runtime:2.7.0] AndroidManifest.xml:75:25-87
194            </intent-filter>
195        </receiver>
196        <receiver
196-->[androidx.work:work-runtime:2.7.0] AndroidManifest.xml:78:9-88:20
197            android:name="androidx.work.impl.background.systemalarm.ConstraintProxy$BatteryNotLowProxy"
197-->[androidx.work:work-runtime:2.7.0] AndroidManifest.xml:79:13-104
198            android:directBootAware="false"
198-->[androidx.work:work-runtime:2.7.0] AndroidManifest.xml:80:13-44
199            android:enabled="false"
199-->[androidx.work:work-runtime:2.7.0] AndroidManifest.xml:81:13-36
200            android:exported="false" >
200-->[androidx.work:work-runtime:2.7.0] AndroidManifest.xml:82:13-37
201            <intent-filter>
201-->[androidx.work:work-runtime:2.7.0] AndroidManifest.xml:84:13-87:29
202                <action android:name="android.intent.action.BATTERY_OKAY" />
202-->[androidx.work:work-runtime:2.7.0] AndroidManifest.xml:85:17-77
202-->[androidx.work:work-runtime:2.7.0] AndroidManifest.xml:85:25-74
203                <action android:name="android.intent.action.BATTERY_LOW" />
203-->[androidx.work:work-runtime:2.7.0] AndroidManifest.xml:86:17-76
203-->[androidx.work:work-runtime:2.7.0] AndroidManifest.xml:86:25-73
204            </intent-filter>
205        </receiver>
206        <receiver
206-->[androidx.work:work-runtime:2.7.0] AndroidManifest.xml:89:9-99:20
207            android:name="androidx.work.impl.background.systemalarm.ConstraintProxy$StorageNotLowProxy"
207-->[androidx.work:work-runtime:2.7.0] AndroidManifest.xml:90:13-104
208            android:directBootAware="false"
208-->[androidx.work:work-runtime:2.7.0] AndroidManifest.xml:91:13-44
209            android:enabled="false"
209-->[androidx.work:work-runtime:2.7.0] AndroidManifest.xml:92:13-36
210            android:exported="false" >
210-->[androidx.work:work-runtime:2.7.0] AndroidManifest.xml:93:13-37
211            <intent-filter>
211-->[androidx.work:work-runtime:2.7.0] AndroidManifest.xml:95:13-98:29
212                <action android:name="android.intent.action.DEVICE_STORAGE_LOW" />
212-->[androidx.work:work-runtime:2.7.0] AndroidManifest.xml:96:17-83
212-->[androidx.work:work-runtime:2.7.0] AndroidManifest.xml:96:25-80
213                <action android:name="android.intent.action.DEVICE_STORAGE_OK" />
213-->[androidx.work:work-runtime:2.7.0] AndroidManifest.xml:97:17-82
213-->[androidx.work:work-runtime:2.7.0] AndroidManifest.xml:97:25-79
214            </intent-filter>
215        </receiver>
216        <receiver
216-->[androidx.work:work-runtime:2.7.0] AndroidManifest.xml:100:9-109:20
217            android:name="androidx.work.impl.background.systemalarm.ConstraintProxy$NetworkStateProxy"
217-->[androidx.work:work-runtime:2.7.0] AndroidManifest.xml:101:13-103
218            android:directBootAware="false"
218-->[androidx.work:work-runtime:2.7.0] AndroidManifest.xml:102:13-44
219            android:enabled="false"
219-->[androidx.work:work-runtime:2.7.0] AndroidManifest.xml:103:13-36
220            android:exported="false" >
220-->[androidx.work:work-runtime:2.7.0] AndroidManifest.xml:104:13-37
221            <intent-filter>
221-->[androidx.work:work-runtime:2.7.0] AndroidManifest.xml:106:13-108:29
222                <action android:name="android.net.conn.CONNECTIVITY_CHANGE" />
222-->[androidx.work:work-runtime:2.7.0] AndroidManifest.xml:107:17-79
222-->[androidx.work:work-runtime:2.7.0] AndroidManifest.xml:107:25-76
223            </intent-filter>
224        </receiver>
225        <receiver
225-->[androidx.work:work-runtime:2.7.0] AndroidManifest.xml:110:9-121:20
226            android:name="androidx.work.impl.background.systemalarm.RescheduleReceiver"
226-->[androidx.work:work-runtime:2.7.0] AndroidManifest.xml:111:13-88
227            android:directBootAware="false"
227-->[androidx.work:work-runtime:2.7.0] AndroidManifest.xml:112:13-44
228            android:enabled="false"
228-->[androidx.work:work-runtime:2.7.0] AndroidManifest.xml:113:13-36
229            android:exported="false" >
229-->[androidx.work:work-runtime:2.7.0] AndroidManifest.xml:114:13-37
230            <intent-filter>
230-->[androidx.work:work-runtime:2.7.0] AndroidManifest.xml:116:13-120:29
231                <action android:name="android.intent.action.BOOT_COMPLETED" />
231-->[androidx.work:work-runtime:2.7.0] AndroidManifest.xml:117:17-79
231-->[androidx.work:work-runtime:2.7.0] AndroidManifest.xml:117:25-76
232                <action android:name="android.intent.action.TIME_SET" />
232-->[androidx.work:work-runtime:2.7.0] AndroidManifest.xml:118:17-73
232-->[androidx.work:work-runtime:2.7.0] AndroidManifest.xml:118:25-70
233                <action android:name="android.intent.action.TIMEZONE_CHANGED" />
233-->[androidx.work:work-runtime:2.7.0] AndroidManifest.xml:119:17-81
233-->[androidx.work:work-runtime:2.7.0] AndroidManifest.xml:119:25-78
234            </intent-filter>
235        </receiver>
236        <receiver
236-->[androidx.work:work-runtime:2.7.0] AndroidManifest.xml:122:9-131:20
237            android:name="androidx.work.impl.background.systemalarm.ConstraintProxyUpdateReceiver"
237-->[androidx.work:work-runtime:2.7.0] AndroidManifest.xml:123:13-99
238            android:directBootAware="false"
238-->[androidx.work:work-runtime:2.7.0] AndroidManifest.xml:124:13-44
239            android:enabled="@bool/enable_system_alarm_service_default"
239-->[androidx.work:work-runtime:2.7.0] AndroidManifest.xml:125:13-72
240            android:exported="false" >
240-->[androidx.work:work-runtime:2.7.0] AndroidManifest.xml:126:13-37
241            <intent-filter>
241-->[androidx.work:work-runtime:2.7.0] AndroidManifest.xml:128:13-130:29
242                <action android:name="androidx.work.impl.background.systemalarm.UpdateProxies" />
242-->[androidx.work:work-runtime:2.7.0] AndroidManifest.xml:129:17-98
242-->[androidx.work:work-runtime:2.7.0] AndroidManifest.xml:129:25-95
243            </intent-filter>
244        </receiver>
245        <receiver
245-->[androidx.work:work-runtime:2.7.0] AndroidManifest.xml:132:9-142:20
246            android:name="androidx.work.impl.diagnostics.DiagnosticsReceiver"
246-->[androidx.work:work-runtime:2.7.0] AndroidManifest.xml:133:13-78
247            android:directBootAware="false"
247-->[androidx.work:work-runtime:2.7.0] AndroidManifest.xml:134:13-44
248            android:enabled="true"
248-->[androidx.work:work-runtime:2.7.0] AndroidManifest.xml:135:13-35
249            android:exported="true"
249-->[androidx.work:work-runtime:2.7.0] AndroidManifest.xml:136:13-36
250            android:permission="android.permission.DUMP" >
250-->[androidx.work:work-runtime:2.7.0] AndroidManifest.xml:137:13-57
251            <intent-filter>
251-->[androidx.work:work-runtime:2.7.0] AndroidManifest.xml:139:13-141:29
252                <action android:name="androidx.work.diagnostics.REQUEST_DIAGNOSTICS" />
252-->[androidx.work:work-runtime:2.7.0] AndroidManifest.xml:140:17-88
252-->[androidx.work:work-runtime:2.7.0] AndroidManifest.xml:140:25-85
253            </intent-filter>
254        </receiver>
255
256        <uses-library
256-->[androidx.privacysandbox.ads:ads-adservices:1.0.0-beta05] AndroidManifest.xml:23:9-25:40
257            android:name="android.ext.adservices"
257-->[androidx.privacysandbox.ads:ads-adservices:1.0.0-beta05] AndroidManifest.xml:24:13-50
258            android:required="false" />
258-->[androidx.privacysandbox.ads:ads-adservices:1.0.0-beta05] AndroidManifest.xml:25:13-37
259
260        <service
260-->[androidx.room:room-runtime:2.6.1] AndroidManifest.xml:24:9-28:63
261            android:name="androidx.room.MultiInstanceInvalidationService"
261-->[androidx.room:room-runtime:2.6.1] AndroidManifest.xml:25:13-74
262            android:directBootAware="true"
262-->[androidx.room:room-runtime:2.6.1] AndroidManifest.xml:26:13-43
263            android:exported="false" />
263-->[androidx.room:room-runtime:2.6.1] AndroidManifest.xml:27:13-37
264
265        <receiver
265-->[androidx.profileinstaller:profileinstaller:1.3.0] AndroidManifest.xml:34:9-52:20
266            android:name="androidx.profileinstaller.ProfileInstallReceiver"
266-->[androidx.profileinstaller:profileinstaller:1.3.0] AndroidManifest.xml:35:13-76
267            android:directBootAware="false"
267-->[androidx.profileinstaller:profileinstaller:1.3.0] AndroidManifest.xml:36:13-44
268            android:enabled="true"
268-->[androidx.profileinstaller:profileinstaller:1.3.0] AndroidManifest.xml:37:13-35
269            android:exported="true"
269-->[androidx.profileinstaller:profileinstaller:1.3.0] AndroidManifest.xml:38:13-36
270            android:permission="android.permission.DUMP" >
270-->[androidx.profileinstaller:profileinstaller:1.3.0] AndroidManifest.xml:39:13-57
271            <intent-filter>
271-->[androidx.profileinstaller:profileinstaller:1.3.0] AndroidManifest.xml:40:13-42:29
272                <action android:name="androidx.profileinstaller.action.INSTALL_PROFILE" />
272-->[androidx.profileinstaller:profileinstaller:1.3.0] AndroidManifest.xml:41:17-91
272-->[androidx.profileinstaller:profileinstaller:1.3.0] AndroidManifest.xml:41:25-88
273            </intent-filter>